{"C:\\Users\\admin\\Desktop\\Meet\\Node-Practice\\Vidly\\Version-3\\app.js": {"path":"C:\\Users\\admin\\Desktop\\Meet\\Node-Practice\\Vidly\\Version-3\\app.js","statementMap":{"0":{"start":{"line":1,"column":17},"end":{"line":1,"column":36}},"1":{"start":{"line":2,"column":16},"end":{"line":2,"column":34}},"2":{"start":{"line":3,"column":12},"end":{"line":3,"column":21}},"3":{"start":{"line":4,"column":22},"end":{"line":4,"column":48}},"4":{"start":{"line":5,"column":25},"end":{"line":5,"column":54}},"5":{"start":{"line":6,"column":22},"end":{"line":6,"column":48}},"6":{"start":{"line":7,"column":23},"end":{"line":7,"column":50}},"7":{"start":{"line":8,"column":21},"end":{"line":8,"column":46}},"8":{"start":{"line":9,"column":21},"end":{"line":9,"column":46}},"9":{"start":{"line":10,"column":15},"end":{"line":10,"column":32}},"10":{"start":{"line":11,"column":12},"end":{"line":11,"column":35}},"11":{"start":{"line":12,"column":13},"end":{"line":12,"column":41}},"12":{"start":{"line":13,"column":19},"end":{"line":13,"column":45}},"13":{"start":{"line":14,"column":16},"end":{"line":14,"column":34}},"14":{"start":{"line":15,"column":13},"end":{"line":15,"column":37}},"15":{"start":{"line":17,"column":0},"end":{"line":20,"column":2}},"16":{"start":{"line":18,"column":2},"end":{"line":18,"column":45}},"17":{"start":{"line":19,"column":2},"end":{"line":19,"column":32}},"18":{"start":{"line":22,"column":0},"end":{"line":25,"column":1}},"19":{"start":{"line":23,"column":2},"end":{"line":23,"column":71}},"20":{"start":{"line":24,"column":2},"end":{"line":24,"column":18}},"21":{"start":{"line":27,"column":0},"end":{"line":33,"column":44}},"22":{"start":{"line":32,"column":14},"end":{"line":32,"column":64}},"23":{"start":{"line":33,"column":18},"end":{"line":33,"column":42}},"24":{"start":{"line":35,"column":0},"end":{"line":35,"column":30}},"25":{"start":{"line":36,"column":0},"end":{"line":36,"column":24}},"26":{"start":{"line":37,"column":0},"end":{"line":37,"column":48}},"27":{"start":{"line":38,"column":0},"end":{"line":38,"column":38}},"28":{"start":{"line":39,"column":0},"end":{"line":39,"column":44}},"29":{"start":{"line":40,"column":0},"end":{"line":40,"column":38}},"30":{"start":{"line":41,"column":0},"end":{"line":41,"column":40}},"31":{"start":{"line":42,"column":0},"end":{"line":42,"column":36}},"32":{"start":{"line":43,"column":0},"end":{"line":43,"column":36}},"33":{"start":{"line":45,"column":0},"end":{"line":49,"column":3}},"34":{"start":{"line":46,"column":2},"end":{"line":48,"column":4}},"35":{"start":{"line":51,"column":15},"end":{"line":53,"column":2}},"36":{"start":{"line":52,"column":2},"end":{"line":52,"column":55}},"37":{"start":{"line":55,"column":0},"end":{"line":55,"column":24}}},"fnMap":{"0":{"name":"(anonymous_0)","decl":{"start":{"line":17,"column":32},"end":{"line":17,"column":33}},"loc":{"start":{"line":17,"column":40},"end":{"line":20,"column":1}},"line":17},"1":{"name":"(anonymous_1)","decl":{"start":{"line":32,"column":8},"end":{"line":32,"column":9}},"loc":{"start":{"line":32,"column":14},"end":{"line":32,"column":64}},"line":32},"2":{"name":"(anonymous_2)","decl":{"start":{"line":33,"column":9},"end":{"line":33,"column":10}},"loc":{"start":{"line":33,"column":18},"end":{"line":33,"column":42}},"line":33},"3":{"name":"(anonymous_3)","decl":{"start":{"line":45,"column":29},"end":{"line":45,"column":30}},"loc":{"start":{"line":45,"column":43},"end":{"line":49,"column":1}},"line":45},"4":{"name":"(anonymous_4)","decl":{"start":{"line":51,"column":32},"end":{"line":51,"column":33}},"loc":{"start":{"line":51,"column":38},"end":{"line":53,"column":1}},"line":51}},"branchMap":{"0":{"loc":{"start":{"line":15,"column":13},"end":{"line":15,"column":37}},"type":"binary-expr","locations":[{"start":{"line":15,"column":13},"end":{"line":15,"column":29}},{"start":{"line":15,"column":33},"end":{"line":15,"column":37}}],"line":15},"1":{"loc":{"start":{"line":22,"column":0},"end":{"line":25,"column":1}},"type":"if","locations":[{"start":{"line":22,"column":0},"end":{"line":25,"column":1}},{"start":{"line":22,"column":0},"end":{"line":25,"column":1}}],"line":22}},"s":{"0":1,"1":1,"2":1,"3":1,"4":1,"5":1,"6":1,"7":1,"8":1,"9":1,"10":1,"11":1,"12":1,"13":1,"14":1,"15":1,"16":0,"17":0,"18":1,"19":0,"20":0,"21":1,"22":1,"23":0,"24":1,"25":1,"26":1,"27":1,"28":1,"29":1,"30":1,"31":1,"32":1,"33":1,"34":0,"35":1,"36":1,"37":1},"f":{"0":0,"1":1,"2":0,"3":0,"4":1},"b":{"0":[1,1],"1":[0,1]},"_coverageSchema":"332fd63041d2c1bcb487cc26dd0d5f7d97098a6c","hash":"f94d8c9c645e886867a59c1c78bca39d8ef7fed9"}
,"C:\\Users\\admin\\Desktop\\Meet\\Node-Practice\\Vidly\\Version-3\\middleware\\auth.js": {"path":"C:\\Users\\admin\\Desktop\\Meet\\Node-Practice\\Vidly\\Version-3\\middleware\\auth.js","statementMap":{"0":{"start":{"line":1,"column":12},"end":{"line":1,"column":35}},"1":{"start":{"line":2,"column":15},"end":{"line":2,"column":32}},"2":{"start":{"line":5,"column":18},"end":{"line":5,"column":44}},"3":{"start":{"line":7,"column":4},"end":{"line":9,"column":5}},"4":{"start":{"line":8,"column":8},"end":{"line":8,"column":65}},"5":{"start":{"line":11,"column":4},"end":{"line":18,"column":5}},"6":{"start":{"line":12,"column":24},"end":{"line":12,"column":70}},"7":{"start":{"line":13,"column":8},"end":{"line":13,"column":27}},"8":{"start":{"line":14,"column":8},"end":{"line":14,"column":15}},"9":{"start":{"line":17,"column":8},"end":{"line":17,"column":46}},"10":{"start":{"line":21,"column":0},"end":{"line":21,"column":22}}},"fnMap":{"0":{"name":"auth","decl":{"start":{"line":4,"column":9},"end":{"line":4,"column":13}},"loc":{"start":{"line":4,"column":30},"end":{"line":19,"column":1}},"line":4}},"branchMap":{"0":{"loc":{"start":{"line":7,"column":4},"end":{"line":9,"column":5}},"type":"if","locations":[{"start":{"line":7,"column":4},"end":{"line":9,"column":5}},{"start":{"line":7,"column":4},"end":{"line":9,"column":5}}],"line":7}},"s":{"0":1,"1":1,"2":0,"3":0,"4":0,"5":0,"6":0,"7":0,"8":0,"9":0,"10":1},"f":{"0":0},"b":{"0":[0,0]},"_coverageSchema":"332fd63041d2c1bcb487cc26dd0d5f7d97098a6c","hash":"c3c78f7040cf2f3fcc3db4693bcd7e0db87b4857"}
,"C:\\Users\\admin\\Desktop\\Meet\\Node-Practice\\Vidly\\Version-3\\models\\customers.js": {"path":"C:\\Users\\admin\\Desktop\\Meet\\Node-Practice\\Vidly\\Version-3\\models\\customers.js","statementMap":{"0":{"start":{"line":1,"column":17},"end":{"line":1,"column":36}},"1":{"start":{"line":3,"column":23},"end":{"line":20,"column":2}},"2":{"start":{"line":22,"column":0},"end":{"line":22,"column":70}},"3":{"start":{"line":23,"column":0},"end":{"line":23,"column":47}}},"fnMap":{},"branchMap":{},"s":{"0":1,"1":1,"2":1,"3":1},"f":{},"b":{},"_coverageSchema":"332fd63041d2c1bcb487cc26dd0d5f7d97098a6c","hash":"e96d226e9ffa7658131abe5816ebb8a79ccd3739"}
,"C:\\Users\\admin\\Desktop\\Meet\\Node-Practice\\Vidly\\Version-3\\models\\genres.js": {"path":"C:\\Users\\admin\\Desktop\\Meet\\Node-Practice\\Vidly\\Version-3\\models\\genres.js","statementMap":{"0":{"start":{"line":1,"column":17},"end":{"line":1,"column":36}},"1":{"start":{"line":3,"column":20},"end":{"line":10,"column":2}},"2":{"start":{"line":12,"column":0},"end":{"line":12,"column":61}},"3":{"start":{"line":13,"column":0},"end":{"line":13,"column":41}}},"fnMap":{},"branchMap":{},"s":{"0":1,"1":1,"2":1,"3":1},"f":{},"b":{},"_coverageSchema":"332fd63041d2c1bcb487cc26dd0d5f7d97098a6c","hash":"547273bc43e0925ba60d2efeafc4de6d6df096d4"}
,"C:\\Users\\admin\\Desktop\\Meet\\Node-Practice\\Vidly\\Version-3\\models\\movies.js": {"path":"C:\\Users\\admin\\Desktop\\Meet\\Node-Practice\\Vidly\\Version-3\\models\\movies.js","statementMap":{"0":{"start":{"line":1,"column":17},"end":{"line":1,"column":36}},"1":{"start":{"line":2,"column":24},"end":{"line":2,"column":43}},"2":{"start":{"line":4,"column":20},"end":{"line":22,"column":2}},"3":{"start":{"line":24,"column":0},"end":{"line":24,"column":54}}},"fnMap":{},"branchMap":{},"s":{"0":1,"1":1,"2":1,"3":1},"f":{},"b":{},"_coverageSchema":"332fd63041d2c1bcb487cc26dd0d5f7d97098a6c","hash":"eeb3b495cb2bc27db416134c6bc4e9e9c9afdf86"}
,"C:\\Users\\admin\\Desktop\\Meet\\Node-Practice\\Vidly\\Version-3\\models\\rentals.js": {"path":"C:\\Users\\admin\\Desktop\\Meet\\Node-Practice\\Vidly\\Version-3\\models\\rentals.js","statementMap":{"0":{"start":{"line":1,"column":17},"end":{"line":1,"column":36}},"1":{"start":{"line":2,"column":27},"end":{"line":2,"column":49}},"2":{"start":{"line":4,"column":21},"end":{"line":35,"column":2}},"3":{"start":{"line":37,"column":0},"end":{"line":37,"column":56}}},"fnMap":{},"branchMap":{},"s":{"0":1,"1":1,"2":1,"3":1},"f":{},"b":{},"_coverageSchema":"332fd63041d2c1bcb487cc26dd0d5f7d97098a6c","hash":"a1a4bebd3cc5b28bbb3c8b9e85e90a3d1e2b0d49"}
,"C:\\Users\\admin\\Desktop\\Meet\\Node-Practice\\Vidly\\Version-3\\models\\users.js": {"path":"C:\\Users\\admin\\Desktop\\Meet\\Node-Practice\\Vidly\\Version-3\\models\\users.js","statementMap":{"0":{"start":{"line":1,"column":17},"end":{"line":1,"column":36}},"1":{"start":{"line":3,"column":19},"end":{"line":23,"column":2}},"2":{"start":{"line":25,"column":0},"end":{"line":25,"column":52}}},"fnMap":{},"branchMap":{},"s":{"0":1,"1":1,"2":1},"f":{},"b":{},"_coverageSchema":"332fd63041d2c1bcb487cc26dd0d5f7d97098a6c","hash":"2310c0cd1270f8261589fe8cbfad0076eef5eaec"}
,"C:\\Users\\admin\\Desktop\\Meet\\Node-Practice\\Vidly\\Version-3\\routes\\customers.js": {"path":"C:\\Users\\admin\\Desktop\\Meet\\Node-Practice\\Vidly\\Version-3\\routes\\customers.js","statementMap":{"0":{"start":{"line":1,"column":17},"end":{"line":1,"column":36}},"1":{"start":{"line":2,"column":20},"end":{"line":2,"column":50}},"2":{"start":{"line":3,"column":16},"end":{"line":3,"column":34}},"3":{"start":{"line":4,"column":13},"end":{"line":4,"column":29}},"4":{"start":{"line":6,"column":0},"end":{"line":11,"column":3}},"5":{"start":{"line":7,"column":2},"end":{"line":10,"column":5}},"6":{"start":{"line":8,"column":4},"end":{"line":9,"column":27}},"7":{"start":{"line":8,"column":13},"end":{"line":8,"column":38}},"8":{"start":{"line":9,"column":9},"end":{"line":9,"column":27}},"9":{"start":{"line":13,"column":0},"end":{"line":23,"column":3}},"10":{"start":{"line":14,"column":23},"end":{"line":17,"column":3}},"11":{"start":{"line":19,"column":2},"end":{"line":22,"column":5}},"12":{"start":{"line":20,"column":4},"end":{"line":21,"column":30}},"13":{"start":{"line":20,"column":13},"end":{"line":20,"column":38}},"14":{"start":{"line":21,"column":9},"end":{"line":21,"column":30}},"15":{"start":{"line":25,"column":0},"end":{"line":34,"column":3}},"16":{"start":{"line":26,"column":2},"end":{"line":33,"column":5}},"17":{"start":{"line":27,"column":4},"end":{"line":32,"column":5}},"18":{"start":{"line":28,"column":6},"end":{"line":28,"column":40}},"19":{"start":{"line":30,"column":6},"end":{"line":30,"column":53}},"20":{"start":{"line":31,"column":6},"end":{"line":31,"column":33}},"21":{"start":{"line":36,"column":0},"end":{"line":46,"column":3}},"22":{"start":{"line":37,"column":24},"end":{"line":40,"column":5}},"23":{"start":{"line":42,"column":2},"end":{"line":45,"column":5}},"24":{"start":{"line":43,"column":4},"end":{"line":44,"column":27}},"25":{"start":{"line":43,"column":13},"end":{"line":43,"column":47}},"26":{"start":{"line":44,"column":9},"end":{"line":44,"column":27}},"27":{"start":{"line":48,"column":0},"end":{"line":53,"column":3}},"28":{"start":{"line":49,"column":2},"end":{"line":52,"column":5}},"29":{"start":{"line":50,"column":4},"end":{"line":51,"column":27}},"30":{"start":{"line":50,"column":13},"end":{"line":50,"column":47}},"31":{"start":{"line":51,"column":9},"end":{"line":51,"column":27}},"32":{"start":{"line":55,"column":0},"end":{"line":55,"column":24}}},"fnMap":{"0":{"name":"(anonymous_0)","decl":{"start":{"line":6,"column":16},"end":{"line":6,"column":17}},"loc":{"start":{"line":6,"column":30},"end":{"line":11,"column":1}},"line":6},"1":{"name":"(anonymous_1)","decl":{"start":{"line":7,"column":21},"end":{"line":7,"column":22}},"loc":{"start":{"line":7,"column":39},"end":{"line":10,"column":3}},"line":7},"2":{"name":"(anonymous_2)","decl":{"start":{"line":13,"column":17},"end":{"line":13,"column":18}},"loc":{"start":{"line":13,"column":31},"end":{"line":23,"column":1}},"line":13},"3":{"name":"(anonymous_3)","decl":{"start":{"line":19,"column":35},"end":{"line":19,"column":36}},"loc":{"start":{"line":19,"column":53},"end":{"line":22,"column":3}},"line":19},"4":{"name":"(anonymous_4)","decl":{"start":{"line":25,"column":19},"end":{"line":25,"column":20}},"loc":{"start":{"line":25,"column":33},"end":{"line":34,"column":1}},"line":25},"5":{"name":"(anonymous_5)","decl":{"start":{"line":26,"column":45},"end":{"line":26,"column":46}},"loc":{"start":{"line":26,"column":69},"end":{"line":33,"column":3}},"line":26},"6":{"name":"(anonymous_6)","decl":{"start":{"line":36,"column":19},"end":{"line":36,"column":20}},"loc":{"start":{"line":36,"column":33},"end":{"line":46,"column":1}},"line":36},"7":{"name":"(anonymous_7)","decl":{"start":{"line":42,"column":70},"end":{"line":42,"column":71}},"loc":{"start":{"line":42,"column":88},"end":{"line":45,"column":3}},"line":42},"8":{"name":"(anonymous_8)","decl":{"start":{"line":48,"column":22},"end":{"line":48,"column":23}},"loc":{"start":{"line":48,"column":36},"end":{"line":53,"column":1}},"line":48},"9":{"name":"(anonymous_9)","decl":{"start":{"line":49,"column":46},"end":{"line":49,"column":47}},"loc":{"start":{"line":49,"column":64},"end":{"line":52,"column":3}},"line":49}},"branchMap":{"0":{"loc":{"start":{"line":8,"column":4},"end":{"line":9,"column":27}},"type":"if","locations":[{"start":{"line":8,"column":4},"end":{"line":9,"column":27}},{"start":{"line":8,"column":4},"end":{"line":9,"column":27}}],"line":8},"1":{"loc":{"start":{"line":20,"column":4},"end":{"line":21,"column":30}},"type":"if","locations":[{"start":{"line":20,"column":4},"end":{"line":21,"column":30}},{"start":{"line":20,"column":4},"end":{"line":21,"column":30}}],"line":20},"2":{"loc":{"start":{"line":27,"column":4},"end":{"line":32,"column":5}},"type":"if","locations":[{"start":{"line":27,"column":4},"end":{"line":32,"column":5}},{"start":{"line":27,"column":4},"end":{"line":32,"column":5}}],"line":27},"3":{"loc":{"start":{"line":43,"column":4},"end":{"line":44,"column":27}},"type":"if","locations":[{"start":{"line":43,"column":4},"end":{"line":44,"column":27}},{"start":{"line":43,"column":4},"end":{"line":44,"column":27}}],"line":43},"4":{"loc":{"start":{"line":50,"column":4},"end":{"line":51,"column":27}},"type":"if","locations":[{"start":{"line":50,"column":4},"end":{"line":51,"column":27}},{"start":{"line":50,"column":4},"end":{"line":51,"column":27}}],"line":50}},"s":{"0":1,"1":1,"2":1,"3":1,"4":1,"5":0,"6":0,"7":0,"8":0,"9":1,"10":0,"11":0,"12":0,"13":0,"14":0,"15":1,"16":0,"17":0,"18":0,"19":0,"20":0,"21":1,"22":0,"23":0,"24":0,"25":0,"26":0,"27":1,"28":0,"29":0,"30":0,"31":0,"32":1},"f":{"0":0,"1":0,"2":0,"3":0,"4":0,"5":0,"6":0,"7":0,"8":0,"9":0},"b":{"0":[0,0],"1":[0,0],"2":[0,0],"3":[0,0],"4":[0,0]},"_coverageSchema":"332fd63041d2c1bcb487cc26dd0d5f7d97098a6c","hash":"37fad9a57efc18d2e89eff83a1c32ae41828063d"}
,"C:\\Users\\admin\\Desktop\\Meet\\Node-Practice\\Vidly\\Version-3\\routes\\genres.js": {"path":"C:\\Users\\admin\\Desktop\\Meet\\Node-Practice\\Vidly\\Version-3\\routes\\genres.js","statementMap":{"0":{"start":{"line":1,"column":17},"end":{"line":1,"column":36}},"1":{"start":{"line":2,"column":17},"end":{"line":2,"column":44}},"2":{"start":{"line":3,"column":16},"end":{"line":3,"column":34}},"3":{"start":{"line":4,"column":13},"end":{"line":4,"column":42}},"4":{"start":{"line":5,"column":13},"end":{"line":5,"column":29}},"5":{"start":{"line":7,"column":0},"end":{"line":12,"column":3}},"6":{"start":{"line":8,"column":2},"end":{"line":11,"column":5}},"7":{"start":{"line":9,"column":4},"end":{"line":10,"column":54}},"8":{"start":{"line":9,"column":13},"end":{"line":9,"column":47}},"9":{"start":{"line":10,"column":9},"end":{"line":10,"column":54}},"10":{"start":{"line":14,"column":0},"end":{"line":23,"column":3}},"11":{"start":{"line":15,"column":17},"end":{"line":17,"column":3}},"12":{"start":{"line":19,"column":2},"end":{"line":22,"column":5}},"13":{"start":{"line":20,"column":4},"end":{"line":21,"column":27}},"14":{"start":{"line":20,"column":13},"end":{"line":20,"column":47}},"15":{"start":{"line":21,"column":9},"end":{"line":21,"column":27}},"16":{"start":{"line":25,"column":0},"end":{"line":34,"column":3}},"17":{"start":{"line":26,"column":2},"end":{"line":33,"column":5}},"18":{"start":{"line":27,"column":4},"end":{"line":32,"column":5}},"19":{"start":{"line":28,"column":6},"end":{"line":28,"column":40}},"20":{"start":{"line":30,"column":6},"end":{"line":30,"column":51}},"21":{"start":{"line":31,"column":6},"end":{"line":31,"column":31}},"22":{"start":{"line":36,"column":0},"end":{"line":45,"column":3}},"23":{"start":{"line":37,"column":21},"end":{"line":39,"column":3}},"24":{"start":{"line":41,"column":2},"end":{"line":44,"column":5}},"25":{"start":{"line":42,"column":4},"end":{"line":43,"column":27}},"26":{"start":{"line":42,"column":13},"end":{"line":42,"column":47}},"27":{"start":{"line":43,"column":9},"end":{"line":43,"column":27}},"28":{"start":{"line":47,"column":0},"end":{"line":52,"column":3}},"29":{"start":{"line":48,"column":2},"end":{"line":51,"column":5}},"30":{"start":{"line":49,"column":4},"end":{"line":50,"column":27}},"31":{"start":{"line":49,"column":13},"end":{"line":49,"column":47}},"32":{"start":{"line":50,"column":9},"end":{"line":50,"column":27}},"33":{"start":{"line":54,"column":0},"end":{"line":54,"column":24}}},"fnMap":{"0":{"name":"(anonymous_0)","decl":{"start":{"line":7,"column":16},"end":{"line":7,"column":17}},"loc":{"start":{"line":7,"column":30},"end":{"line":12,"column":1}},"line":7},"1":{"name":"(anonymous_1)","decl":{"start":{"line":8,"column":18},"end":{"line":8,"column":19}},"loc":{"start":{"line":8,"column":40},"end":{"line":11,"column":3}},"line":8},"2":{"name":"(anonymous_2)","decl":{"start":{"line":14,"column":22},"end":{"line":14,"column":23}},"loc":{"start":{"line":14,"column":36},"end":{"line":23,"column":1}},"line":14},"3":{"name":"(anonymous_3)","decl":{"start":{"line":19,"column":26},"end":{"line":19,"column":27}},"loc":{"start":{"line":19,"column":44},"end":{"line":22,"column":3}},"line":19},"4":{"name":"(anonymous_4)","decl":{"start":{"line":25,"column":19},"end":{"line":25,"column":20}},"loc":{"start":{"line":25,"column":33},"end":{"line":34,"column":1}},"line":25},"5":{"name":"(anonymous_5)","decl":{"start":{"line":26,"column":42},"end":{"line":26,"column":43}},"loc":{"start":{"line":26,"column":64},"end":{"line":33,"column":3}},"line":26},"6":{"name":"(anonymous_6)","decl":{"start":{"line":36,"column":19},"end":{"line":36,"column":20}},"loc":{"start":{"line":36,"column":33},"end":{"line":45,"column":1}},"line":36},"7":{"name":"(anonymous_7)","decl":{"start":{"line":41,"column":64},"end":{"line":41,"column":65}},"loc":{"start":{"line":41,"column":82},"end":{"line":44,"column":3}},"line":41},"8":{"name":"(anonymous_8)","decl":{"start":{"line":47,"column":22},"end":{"line":47,"column":23}},"loc":{"start":{"line":47,"column":36},"end":{"line":52,"column":1}},"line":47},"9":{"name":"(anonymous_9)","decl":{"start":{"line":48,"column":43},"end":{"line":48,"column":44}},"loc":{"start":{"line":48,"column":61},"end":{"line":51,"column":3}},"line":48}},"branchMap":{"0":{"loc":{"start":{"line":9,"column":4},"end":{"line":10,"column":54}},"type":"if","locations":[{"start":{"line":9,"column":4},"end":{"line":10,"column":54}},{"start":{"line":9,"column":4},"end":{"line":10,"column":54}}],"line":9},"1":{"loc":{"start":{"line":20,"column":4},"end":{"line":21,"column":27}},"type":"if","locations":[{"start":{"line":20,"column":4},"end":{"line":21,"column":27}},{"start":{"line":20,"column":4},"end":{"line":21,"column":27}}],"line":20},"2":{"loc":{"start":{"line":27,"column":4},"end":{"line":32,"column":5}},"type":"if","locations":[{"start":{"line":27,"column":4},"end":{"line":32,"column":5}},{"start":{"line":27,"column":4},"end":{"line":32,"column":5}}],"line":27},"3":{"loc":{"start":{"line":42,"column":4},"end":{"line":43,"column":27}},"type":"if","locations":[{"start":{"line":42,"column":4},"end":{"line":43,"column":27}},{"start":{"line":42,"column":4},"end":{"line":43,"column":27}}],"line":42},"4":{"loc":{"start":{"line":49,"column":4},"end":{"line":50,"column":27}},"type":"if","locations":[{"start":{"line":49,"column":4},"end":{"line":50,"column":27}},{"start":{"line":49,"column":4},"end":{"line":50,"column":27}}],"line":49}},"s":{"0":1,"1":1,"2":1,"3":1,"4":1,"5":1,"6":1,"7":1,"8":0,"9":1,"10":1,"11":0,"12":0,"13":0,"14":0,"15":0,"16":1,"17":0,"18":0,"19":0,"20":0,"21":0,"22":1,"23":0,"24":0,"25":0,"26":0,"27":0,"28":1,"29":0,"30":0,"31":0,"32":0,"33":1},"f":{"0":1,"1":1,"2":0,"3":0,"4":0,"5":0,"6":0,"7":0,"8":0,"9":0},"b":{"0":[0,1],"1":[0,0],"2":[0,0],"3":[0,0],"4":[0,0]},"_coverageSchema":"332fd63041d2c1bcb487cc26dd0d5f7d97098a6c","hash":"af2088372df4c2e3bd305890a0ef70e1c1e302c4"}
,"C:\\Users\\admin\\Desktop\\Meet\\Node-Practice\\Vidly\\Version-3\\routes\\login.js": {"path":"C:\\Users\\admin\\Desktop\\Meet\\Node-Practice\\Vidly\\Version-3\\routes\\login.js","statementMap":{"0":{"start":{"line":1,"column":17},"end":{"line":1,"column":36}},"1":{"start":{"line":2,"column":14},"end":{"line":2,"column":40}},"2":{"start":{"line":3,"column":15},"end":{"line":3,"column":32}},"3":{"start":{"line":4,"column":12},"end":{"line":4,"column":35}},"4":{"start":{"line":5,"column":15},"end":{"line":5,"column":32}},"5":{"start":{"line":6,"column":16},"end":{"line":6,"column":34}},"6":{"start":{"line":7,"column":13},"end":{"line":7,"column":29}},"7":{"start":{"line":9,"column":0},"end":{"line":17,"column":3}},"8":{"start":{"line":10,"column":15},"end":{"line":10,"column":61}},"9":{"start":{"line":11,"column":4},"end":{"line":11,"column":77}},"10":{"start":{"line":11,"column":15},"end":{"line":11,"column":77}},"11":{"start":{"line":13,"column":20},"end":{"line":13,"column":74}},"12":{"start":{"line":15,"column":18},"end":{"line":15,"column":74}},"13":{"start":{"line":16,"column":4},"end":{"line":16,"column":20}},"14":{"start":{"line":19,"column":0},"end":{"line":19,"column":24}}},"fnMap":{"0":{"name":"(anonymous_0)","decl":{"start":{"line":9,"column":16},"end":{"line":9,"column":17}},"loc":{"start":{"line":9,"column":36},"end":{"line":17,"column":1}},"line":9}},"branchMap":{"0":{"loc":{"start":{"line":11,"column":4},"end":{"line":11,"column":77}},"type":"if","locations":[{"start":{"line":11,"column":4},"end":{"line":11,"column":77}},{"start":{"line":11,"column":4},"end":{"line":11,"column":77}}],"line":11}},"s":{"0":1,"1":1,"2":1,"3":1,"4":1,"5":1,"6":1,"7":1,"8":0,"9":0,"10":0,"11":0,"12":0,"13":0,"14":1},"f":{"0":0},"b":{"0":[0,0]},"_coverageSchema":"332fd63041d2c1bcb487cc26dd0d5f7d97098a6c","hash":"0f4b466b7c444b175427313e225d55535b542987"}
,"C:\\Users\\admin\\Desktop\\Meet\\Node-Practice\\Vidly\\Version-3\\routes\\movies.js": {"path":"C:\\Users\\admin\\Desktop\\Meet\\Node-Practice\\Vidly\\Version-3\\routes\\movies.js","statementMap":{"0":{"start":{"line":1,"column":17},"end":{"line":1,"column":36}},"1":{"start":{"line":2,"column":19},"end":{"line":2,"column":46}},"2":{"start":{"line":3,"column":15},"end":{"line":3,"column":42}},"3":{"start":{"line":4,"column":16},"end":{"line":4,"column":34}},"4":{"start":{"line":5,"column":13},"end":{"line":5,"column":29}},"5":{"start":{"line":7,"column":0},"end":{"line":14,"column":2}},"6":{"start":{"line":8,"column":2},"end":{"line":13,"column":4}},"7":{"start":{"line":9,"column":4},"end":{"line":12,"column":27}},"8":{"start":{"line":10,"column":6},"end":{"line":10,"column":31}},"9":{"start":{"line":12,"column":6},"end":{"line":12,"column":27}},"10":{"start":{"line":16,"column":0},"end":{"line":54,"column":2}},"11":{"start":{"line":17,"column":17},"end":{"line":22,"column":4}},"12":{"start":{"line":18,"column":4},"end":{"line":21,"column":27}},"13":{"start":{"line":19,"column":6},"end":{"line":19,"column":23}},"14":{"start":{"line":21,"column":6},"end":{"line":21,"column":27}},"15":{"start":{"line":24,"column":20},"end":{"line":32,"column":4}},"16":{"start":{"line":34,"column":2},"end":{"line":39,"column":4}},"17":{"start":{"line":35,"column":4},"end":{"line":38,"column":27}},"18":{"start":{"line":36,"column":6},"end":{"line":36,"column":31}},"19":{"start":{"line":38,"column":6},"end":{"line":38,"column":27}},"20":{"start":{"line":56,"column":0},"end":{"line":65,"column":3}},"21":{"start":{"line":57,"column":2},"end":{"line":64,"column":5}},"22":{"start":{"line":58,"column":4},"end":{"line":63,"column":5}},"23":{"start":{"line":59,"column":6},"end":{"line":59,"column":40}},"24":{"start":{"line":61,"column":6},"end":{"line":61,"column":51}},"25":{"start":{"line":62,"column":6},"end":{"line":62,"column":31}},"26":{"start":{"line":67,"column":0},"end":{"line":79,"column":3}},"27":{"start":{"line":68,"column":21},"end":{"line":73,"column":3}},"28":{"start":{"line":75,"column":2},"end":{"line":78,"column":5}},"29":{"start":{"line":76,"column":4},"end":{"line":77,"column":27}},"30":{"start":{"line":76,"column":13},"end":{"line":76,"column":47}},"31":{"start":{"line":77,"column":9},"end":{"line":77,"column":27}},"32":{"start":{"line":81,"column":0},"end":{"line":86,"column":3}},"33":{"start":{"line":82,"column":2},"end":{"line":85,"column":5}},"34":{"start":{"line":83,"column":4},"end":{"line":84,"column":27}},"35":{"start":{"line":83,"column":13},"end":{"line":83,"column":47}},"36":{"start":{"line":84,"column":9},"end":{"line":84,"column":27}},"37":{"start":{"line":88,"column":0},"end":{"line":88,"column":24}}},"fnMap":{"0":{"name":"(anonymous_0)","decl":{"start":{"line":7,"column":16},"end":{"line":7,"column":17}},"loc":{"start":{"line":7,"column":30},"end":{"line":14,"column":1}},"line":7},"1":{"name":"(anonymous_1)","decl":{"start":{"line":8,"column":18},"end":{"line":8,"column":19}},"loc":{"start":{"line":8,"column":36},"end":{"line":13,"column":3}},"line":8},"2":{"name":"(anonymous_2)","decl":{"start":{"line":16,"column":16},"end":{"line":16,"column":17}},"loc":{"start":{"line":16,"column":36},"end":{"line":54,"column":1}},"line":16},"3":{"name":"(anonymous_3)","decl":{"start":{"line":17,"column":52},"end":{"line":17,"column":53}},"loc":{"start":{"line":17,"column":70},"end":{"line":22,"column":3}},"line":17},"4":{"name":"(anonymous_4)","decl":{"start":{"line":34,"column":29},"end":{"line":34,"column":30}},"loc":{"start":{"line":34,"column":47},"end":{"line":39,"column":3}},"line":34},"5":{"name":"(anonymous_5)","decl":{"start":{"line":56,"column":19},"end":{"line":56,"column":20}},"loc":{"start":{"line":56,"column":33},"end":{"line":65,"column":1}},"line":56},"6":{"name":"(anonymous_6)","decl":{"start":{"line":57,"column":42},"end":{"line":57,"column":43}},"loc":{"start":{"line":57,"column":64},"end":{"line":64,"column":3}},"line":57},"7":{"name":"(anonymous_7)","decl":{"start":{"line":67,"column":19},"end":{"line":67,"column":20}},"loc":{"start":{"line":67,"column":33},"end":{"line":79,"column":1}},"line":67},"8":{"name":"(anonymous_8)","decl":{"start":{"line":75,"column":54},"end":{"line":75,"column":55}},"loc":{"start":{"line":75,"column":72},"end":{"line":78,"column":3}},"line":75},"9":{"name":"(anonymous_9)","decl":{"start":{"line":81,"column":22},"end":{"line":81,"column":23}},"loc":{"start":{"line":81,"column":36},"end":{"line":86,"column":1}},"line":81},"10":{"name":"(anonymous_10)","decl":{"start":{"line":82,"column":43},"end":{"line":82,"column":44}},"loc":{"start":{"line":82,"column":61},"end":{"line":85,"column":3}},"line":82}},"branchMap":{"0":{"loc":{"start":{"line":9,"column":4},"end":{"line":12,"column":27}},"type":"if","locations":[{"start":{"line":9,"column":4},"end":{"line":12,"column":27}},{"start":{"line":9,"column":4},"end":{"line":12,"column":27}}],"line":9},"1":{"loc":{"start":{"line":18,"column":4},"end":{"line":21,"column":27}},"type":"if","locations":[{"start":{"line":18,"column":4},"end":{"line":21,"column":27}},{"start":{"line":18,"column":4},"end":{"line":21,"column":27}}],"line":18},"2":{"loc":{"start":{"line":35,"column":4},"end":{"line":38,"column":27}},"type":"if","locations":[{"start":{"line":35,"column":4},"end":{"line":38,"column":27}},{"start":{"line":35,"column":4},"end":{"line":38,"column":27}}],"line":35},"3":{"loc":{"start":{"line":58,"column":4},"end":{"line":63,"column":5}},"type":"if","locations":[{"start":{"line":58,"column":4},"end":{"line":63,"column":5}},{"start":{"line":58,"column":4},"end":{"line":63,"column":5}}],"line":58},"4":{"loc":{"start":{"line":76,"column":4},"end":{"line":77,"column":27}},"type":"if","locations":[{"start":{"line":76,"column":4},"end":{"line":77,"column":27}},{"start":{"line":76,"column":4},"end":{"line":77,"column":27}}],"line":76},"5":{"loc":{"start":{"line":83,"column":4},"end":{"line":84,"column":27}},"type":"if","locations":[{"start":{"line":83,"column":4},"end":{"line":84,"column":27}},{"start":{"line":83,"column":4},"end":{"line":84,"column":27}}],"line":83}},"s":{"0":1,"1":1,"2":1,"3":1,"4":1,"5":1,"6":0,"7":0,"8":0,"9":0,"10":1,"11":0,"12":0,"13":0,"14":0,"15":0,"16":0,"17":0,"18":0,"19":0,"20":1,"21":0,"22":0,"23":0,"24":0,"25":0,"26":1,"27":0,"28":0,"29":0,"30":0,"31":0,"32":1,"33":0,"34":0,"35":0,"36":0,"37":1},"f":{"0":0,"1":0,"2":0,"3":0,"4":0,"5":0,"6":0,"7":0,"8":0,"9":0,"10":0},"b":{"0":[0,0],"1":[0,0],"2":[0,0],"3":[0,0],"4":[0,0],"5":[0,0]},"_coverageSchema":"332fd63041d2c1bcb487cc26dd0d5f7d97098a6c","hash":"b1ac8db41a1e2d3d82679c88829101246b0703b5"}
,"C:\\Users\\admin\\Desktop\\Meet\\Node-Practice\\Vidly\\Version-3\\routes\\rentals.js": {"path":"C:\\Users\\admin\\Desktop\\Meet\\Node-Practice\\Vidly\\Version-3\\routes\\rentals.js","statementMap":{"0":{"start":{"line":1,"column":17},"end":{"line":1,"column":36}},"1":{"start":{"line":2,"column":22},"end":{"line":2,"column":52}},"2":{"start":{"line":3,"column":15},"end":{"line":3,"column":42}},"3":{"start":{"line":4,"column":16},"end":{"line":4,"column":44}},"4":{"start":{"line":5,"column":16},"end":{"line":5,"column":34}},"5":{"start":{"line":6,"column":13},"end":{"line":6,"column":29}},"6":{"start":{"line":8,"column":0},"end":{"line":13,"column":2}},"7":{"start":{"line":9,"column":2},"end":{"line":12,"column":5}},"8":{"start":{"line":10,"column":4},"end":{"line":11,"column":54}},"9":{"start":{"line":10,"column":13},"end":{"line":10,"column":47}},"10":{"start":{"line":11,"column":9},"end":{"line":11,"column":54}},"11":{"start":{"line":15,"column":0},"end":{"line":45,"column":2}},"12":{"start":{"line":24,"column":19},"end":{"line":24,"column":64}},"13":{"start":{"line":26,"column":16},"end":{"line":26,"column":55}},"14":{"start":{"line":27,"column":2},"end":{"line":27,"column":23}},"15":{"start":{"line":28,"column":2},"end":{"line":28,"column":21}},"16":{"start":{"line":30,"column":17},"end":{"line":41,"column":6}},"17":{"start":{"line":43,"column":2},"end":{"line":43,"column":25}},"18":{"start":{"line":44,"column":2},"end":{"line":44,"column":22}},"19":{"start":{"line":47,"column":0},"end":{"line":56,"column":3}},"20":{"start":{"line":48,"column":2},"end":{"line":55,"column":5}},"21":{"start":{"line":49,"column":4},"end":{"line":54,"column":5}},"22":{"start":{"line":50,"column":6},"end":{"line":50,"column":40}},"23":{"start":{"line":52,"column":6},"end":{"line":52,"column":52}},"24":{"start":{"line":53,"column":6},"end":{"line":53,"column":31}},"25":{"start":{"line":58,"column":0},"end":{"line":95,"column":3}},"26":{"start":{"line":60,"column":21},"end":{"line":60,"column":60}},"27":{"start":{"line":62,"column":18},"end":{"line":62,"column":51}},"28":{"start":{"line":64,"column":17},"end":{"line":75,"column":6}},"29":{"start":{"line":77,"column":4},"end":{"line":77,"column":27}},"30":{"start":{"line":79,"column":4},"end":{"line":79,"column":26}},"31":{"start":{"line":80,"column":4},"end":{"line":80,"column":17}},"32":{"start":{"line":82,"column":4},"end":{"line":82,"column":21}},"33":{"start":{"line":97,"column":0},"end":{"line":102,"column":3}},"34":{"start":{"line":98,"column":2},"end":{"line":101,"column":5}},"35":{"start":{"line":99,"column":4},"end":{"line":100,"column":27}},"36":{"start":{"line":99,"column":13},"end":{"line":99,"column":47}},"37":{"start":{"line":100,"column":9},"end":{"line":100,"column":27}},"38":{"start":{"line":104,"column":0},"end":{"line":104,"column":24}}},"fnMap":{"0":{"name":"(anonymous_0)","decl":{"start":{"line":8,"column":16},"end":{"line":8,"column":17}},"loc":{"start":{"line":8,"column":30},"end":{"line":13,"column":1}},"line":8},"1":{"name":"(anonymous_1)","decl":{"start":{"line":9,"column":19},"end":{"line":9,"column":20}},"loc":{"start":{"line":9,"column":41},"end":{"line":12,"column":3}},"line":9},"2":{"name":"(anonymous_2)","decl":{"start":{"line":15,"column":16},"end":{"line":15,"column":17}},"loc":{"start":{"line":15,"column":36},"end":{"line":45,"column":1}},"line":15},"3":{"name":"(anonymous_3)","decl":{"start":{"line":47,"column":19},"end":{"line":47,"column":20}},"loc":{"start":{"line":47,"column":33},"end":{"line":56,"column":1}},"line":47},"4":{"name":"(anonymous_4)","decl":{"start":{"line":48,"column":43},"end":{"line":48,"column":44}},"loc":{"start":{"line":48,"column":65},"end":{"line":55,"column":3}},"line":48},"5":{"name":"(anonymous_5)","decl":{"start":{"line":58,"column":19},"end":{"line":58,"column":20}},"loc":{"start":{"line":58,"column":33},"end":{"line":95,"column":1}},"line":58},"6":{"name":"(anonymous_6)","decl":{"start":{"line":97,"column":22},"end":{"line":97,"column":23}},"loc":{"start":{"line":97,"column":36},"end":{"line":102,"column":1}},"line":97},"7":{"name":"(anonymous_7)","decl":{"start":{"line":98,"column":44},"end":{"line":98,"column":45}},"loc":{"start":{"line":98,"column":62},"end":{"line":101,"column":3}},"line":98}},"branchMap":{"0":{"loc":{"start":{"line":10,"column":4},"end":{"line":11,"column":54}},"type":"if","locations":[{"start":{"line":10,"column":4},"end":{"line":11,"column":54}},{"start":{"line":10,"column":4},"end":{"line":11,"column":54}}],"line":10},"1":{"loc":{"start":{"line":49,"column":4},"end":{"line":54,"column":5}},"type":"if","locations":[{"start":{"line":49,"column":4},"end":{"line":54,"column":5}},{"start":{"line":49,"column":4},"end":{"line":54,"column":5}}],"line":49},"2":{"loc":{"start":{"line":99,"column":4},"end":{"line":100,"column":27}},"type":"if","locations":[{"start":{"line":99,"column":4},"end":{"line":100,"column":27}},{"start":{"line":99,"column":4},"end":{"line":100,"column":27}}],"line":99}},"s":{"0":1,"1":1,"2":1,"3":1,"4":1,"5":1,"6":1,"7":0,"8":0,"9":0,"10":0,"11":1,"12":0,"13":0,"14":0,"15":0,"16":0,"17":0,"18":0,"19":1,"20":0,"21":0,"22":0,"23":0,"24":0,"25":1,"26":0,"27":0,"28":0,"29":0,"30":0,"31":0,"32":0,"33":1,"34":0,"35":0,"36":0,"37":0,"38":1},"f":{"0":0,"1":0,"2":0,"3":0,"4":0,"5":0,"6":0,"7":0},"b":{"0":[0,0],"1":[0,0],"2":[0,0]},"_coverageSchema":"332fd63041d2c1bcb487cc26dd0d5f7d97098a6c","hash":"8dc0e1508af74993e9d7b090fa6206413740c92f"}
,"C:\\Users\\admin\\Desktop\\Meet\\Node-Practice\\Vidly\\Version-3\\routes\\users.js": {"path":"C:\\Users\\admin\\Desktop\\Meet\\Node-Practice\\Vidly\\Version-3\\routes\\users.js","statementMap":{"0":{"start":{"line":1,"column":17},"end":{"line":1,"column":36}},"1":{"start":{"line":2,"column":14},"end":{"line":2,"column":40}},"2":{"start":{"line":3,"column":12},"end":{"line":3,"column":35}},"3":{"start":{"line":4,"column":15},"end":{"line":4,"column":32}},"4":{"start":{"line":5,"column":15},"end":{"line":5,"column":32}},"5":{"start":{"line":6,"column":16},"end":{"line":6,"column":34}},"6":{"start":{"line":7,"column":13},"end":{"line":7,"column":29}},"7":{"start":{"line":9,"column":0},"end":{"line":35,"column":3}},"8":{"start":{"line":10,"column":15},"end":{"line":10,"column":61}},"9":{"start":{"line":11,"column":4},"end":{"line":11,"column":69}},"10":{"start":{"line":11,"column":14},"end":{"line":11,"column":69}},"11":{"start":{"line":13,"column":18},"end":{"line":17,"column":5}},"12":{"start":{"line":19,"column":17},"end":{"line":19,"column":41}},"13":{"start":{"line":20,"column":4},"end":{"line":20,"column":65}},"14":{"start":{"line":22,"column":4},"end":{"line":34,"column":7}},"15":{"start":{"line":23,"column":8},"end":{"line":33,"column":9}},"16":{"start":{"line":24,"column":12},"end":{"line":24,"column":37}},"17":{"start":{"line":27,"column":12},"end":{"line":30,"column":13}},"18":{"start":{"line":31,"column":26},"end":{"line":31,"column":85}},"19":{"start":{"line":32,"column":12},"end":{"line":32,"column":60}},"20":{"start":{"line":37,"column":0},"end":{"line":37,"column":24}}},"fnMap":{"0":{"name":"(anonymous_0)","decl":{"start":{"line":9,"column":16},"end":{"line":9,"column":17}},"loc":{"start":{"line":9,"column":36},"end":{"line":35,"column":1}},"line":9},"1":{"name":"(anonymous_1)","decl":{"start":{"line":22,"column":26},"end":{"line":22,"column":27}},"loc":{"start":{"line":22,"column":44},"end":{"line":34,"column":5}},"line":22}},"branchMap":{"0":{"loc":{"start":{"line":11,"column":4},"end":{"line":11,"column":69}},"type":"if","locations":[{"start":{"line":11,"column":4},"end":{"line":11,"column":69}},{"start":{"line":11,"column":4},"end":{"line":11,"column":69}}],"line":11},"1":{"loc":{"start":{"line":23,"column":8},"end":{"line":33,"column":9}},"type":"if","locations":[{"start":{"line":23,"column":8},"end":{"line":33,"column":9}},{"start":{"line":23,"column":8},"end":{"line":33,"column":9}}],"line":23}},"s":{"0":1,"1":1,"2":1,"3":1,"4":1,"5":1,"6":1,"7":1,"8":0,"9":0,"10":0,"11":0,"12":0,"13":0,"14":0,"15":0,"16":0,"17":0,"18":0,"19":0,"20":1},"f":{"0":0,"1":0},"b":{"0":[0,0],"1":[0,0]},"_coverageSchema":"332fd63041d2c1bcb487cc26dd0d5f7d97098a6c","hash":"3233c215c69ceae954d2bdb4643ea60bb3f98585"}
}
